<?xml version="1.0" encoding="UTF-8"?>
<!-- Generated by org.testng.reporters.JUnitReportReporter -->
<testsuite skipped="0" hostname="LAPTOP-ORI8JR52" name="com.AutomationTesting.TestCases.HomePageTest" tests="2" failures="0" timestamp="20 May 2020 16:12:49 GMT" time="88.553" errors="0">
  <testcase name="verifyHomePageTitle" time="44.899" classname="com.AutomationTesting.TestCases.HomePageTest"/>
  <testcase name="verifyNewsLetterWithInvalidData" time="43.654" classname="com.AutomationTesting.TestCases.HomePageTest"/>
</testsuite> <!-- com.AutomationTesting.TestCases.HomePageTest -->
