<?xml version="1.0" encoding="UTF-8"?>
<!-- Generated by org.testng.reporters.JUnitReportReporter -->
<testsuite skipped="0" hostname="LAPTOP-ORI8JR52" name="com.AutomationTesting.TestCases.DressPageTest" tests="1" failures="0" timestamp="21 May 2020 05:12:06 GMT" time="18.093" errors="0">
  <testcase name="verifyDressPageTitle" time="18.093" classname="com.AutomationTesting.TestCases.DressPageTest"/>
</testsuite> <!-- com.AutomationTesting.TestCases.DressPageTest -->
