<?xml version="1.0" encoding="UTF-8"?>
<!-- Generated by org.testng.reporters.JUnitReportReporter -->
<testsuite skipped="0" hostname="LAPTOP-ORI8JR52" name="com.AutomationTesting.TestCases.WomenPageTest" tests="1" failures="0" timestamp="21 May 2020 05:14:16 GMT" time="38.263" errors="0">
  <testcase name="verifyWomenPageTitle" time="38.263" classname="com.AutomationTesting.TestCases.WomenPageTest"/>
</testsuite> <!-- com.AutomationTesting.TestCases.WomenPageTest -->
