<?xml version="1.0" encoding="UTF-8"?>
<!-- Generated by org.testng.reporters.JUnitReportReporter -->
<testsuite skipped="0" hostname="LAPTOP-ORI8JR52" name="com.AutomationTesting.TestCases.HomePageTest" tests="2" failures="0" timestamp="21 May 2020 05:14:16 GMT" time="71.835" errors="0">
  <testcase name="verifyHomePageTitle" time="34.594" classname="com.AutomationTesting.TestCases.HomePageTest"/>
  <testcase name="verifyNewsLetterWithInvalidData" time="37.241" classname="com.AutomationTesting.TestCases.HomePageTest"/>
</testsuite> <!-- com.AutomationTesting.TestCases.HomePageTest -->
