<?xml version="1.0" encoding="UTF-8"?>
<!-- Generated by org.testng.reporters.JUnitReportReporter -->
<testsuite skipped="0" hostname="LAPTOP-ORI8JR52" name="com.AutomationTesting.TestCases.TshirtsPageTest" tests="1" failures="0" timestamp="21 May 2020 05:14:16 GMT" time="29.191" errors="0">
  <testcase name="verifyDressPageTitle" time="29.191" classname="com.AutomationTesting.TestCases.TshirtsPageTest"/>
</testsuite> <!-- com.AutomationTesting.TestCases.TshirtsPageTest -->
